<?xml version="1.0" encoding="UTF-8"?>
<coverage generated="1705661453364" clover="3.2.0">
  <project timestamp="1705661453364" name="All files">
    <metrics statements="9" coveredstatements="9" conditionals="4" coveredconditionals="4" methods="3" coveredmethods="3" elements="16" coveredelements="16" complexity="0" loc="9" ncloc="9" packages="1" files="1" classes="1"/>
    <file name="TicketTypeRequest.js" path="/Users/liam.kilkenny/Development/cinema-tickets/cinema-tickets-javascript/src/pairtest/lib/TicketTypeRequest.js">
      <metrics statements="9" coveredstatements="9" conditionals="4" coveredconditionals="4" methods="3" coveredmethods="3"/>
      <line num="11" count="6" type="cond" truecount="2" falsecount="0"/>
      <line num="12" count="2" type="stmt"/>
      <line num="17" count="4" type="cond" truecount="2" falsecount="0"/>
      <line num="18" count="2" type="stmt"/>
      <line num="21" count="2" type="stmt"/>
      <line num="22" count="2" type="stmt"/>
      <line num="26" count="1" type="stmt"/>
      <line num="30" count="1" type="stmt"/>
      <line num="33" count="6" type="stmt"/>
    </file>
  </project>
</coverage>
