<?xml version="1.0" encoding="UTF-8"?>
<coverage generated="1705736117968" clover="3.2.0">
  <project timestamp="1705736117968" name="All files">
    <metrics statements="51" coveredstatements="51" conditionals="32" coveredconditionals="30" methods="8" coveredmethods="8" elements="91" coveredelements="89" complexity="0" loc="51" ncloc="51" packages="2" files="3" classes="3"/>
    <package name="pairtest">
      <metrics statements="42" coveredstatements="42" conditionals="28" coveredconditionals="26" methods="5" coveredmethods="5"/>
      <file name="TicketService.js" path="/Users/liam.kilkenny/Development/cinema-tickets/cinema-tickets-javascript/src/pairtest/TicketService.js">
        <metrics statements="42" coveredstatements="42" conditionals="28" coveredconditionals="26" methods="5" coveredmethods="5"/>
        <line num="17" count="10" type="stmt"/>
        <line num="18" count="10" type="stmt"/>
        <line num="22" count="13" type="cond" truecount="4" falsecount="0"/>
        <line num="23" count="2" type="stmt"/>
        <line num="27" count="11" type="stmt"/>
        <line num="29" count="11" type="stmt"/>
        <line num="31" count="8" type="stmt"/>
        <line num="33" count="6" type="stmt"/>
        <line num="35" count="6" type="stmt"/>
        <line num="37" count="4" type="stmt"/>
        <line num="38" count="4" type="stmt"/>
        <line num="40" count="7" type="stmt"/>
        <line num="46" count="11" type="cond" truecount="4" falsecount="0"/>
        <line num="47" count="1" type="stmt"/>
        <line num="52" count="10" type="stmt"/>
        <line num="53" count="10" type="stmt"/>
        <line num="55" count="10" type="stmt"/>
        <line num="56" count="21" type="cond" truecount="2" falsecount="0"/>
        <line num="57" count="8" type="stmt"/>
        <line num="59" count="21" type="cond" truecount="2" falsecount="0"/>
        <line num="63" count="11" type="stmt"/>
        <line num="67" count="10" type="cond" truecount="4" falsecount="0"/>
        <line num="68" count="2" type="stmt"/>
        <line num="76" count="8" type="stmt"/>
        <line num="77" count="8" type="stmt"/>
        <line num="78" count="15" type="cond" truecount="4" falsecount="0"/>
        <line num="80" count="6" type="stmt"/>
        <line num="82" count="3" type="stmt"/>
        <line num="84" count="4" type="stmt"/>
        <line num="86" count="2" type="stmt"/>
        <line num="94" count="6" type="stmt"/>
        <line num="99" count="6" type="stmt"/>
        <line num="100" count="6" type="stmt"/>
        <line num="102" count="6" type="stmt"/>
        <line num="103" count="13" type="stmt"/>
        <line num="104" count="13" type="stmt"/>
        <line num="106" count="13" type="cond" truecount="2" falsecount="0"/>
        <line num="107" count="4" type="stmt"/>
        <line num="111" count="6" type="cond" truecount="2" falsecount="0"/>
        <line num="112" count="2" type="stmt"/>
        <line num="116" count="4" type="stmt"/>
        <line num="122" count="4" type="stmt"/>
      </file>
    </package>
    <package name="pairtest.lib">
      <metrics statements="9" coveredstatements="9" conditionals="4" coveredconditionals="4" methods="3" coveredmethods="3"/>
      <file name="InvalidPurchaseException.js" path="/Users/liam.kilkenny/Development/cinema-tickets/cinema-tickets-javascript/src/pairtest/lib/InvalidPurchaseException.js">
        <metrics statements="0" coveredstatements="0" conditionals="0" coveredconditionals="0" methods="0" coveredmethods="0"/>
      </file>
      <file name="TicketTypeRequest.js" path="/Users/liam.kilkenny/Development/cinema-tickets/cinema-tickets-javascript/src/pairtest/lib/TicketTypeRequest.js">
        <metrics statements="9" coveredstatements="9" conditionals="4" coveredconditionals="4" methods="3" coveredmethods="3"/>
        <line num="11" count="6" type="cond" truecount="2" falsecount="0"/>
        <line num="12" count="2" type="stmt"/>
        <line num="17" count="4" type="cond" truecount="2" falsecount="0"/>
        <line num="18" count="2" type="stmt"/>
        <line num="21" count="2" type="stmt"/>
        <line num="22" count="2" type="stmt"/>
        <line num="26" count="1" type="stmt"/>
        <line num="30" count="1" type="stmt"/>
        <line num="33" count="6" type="stmt"/>
      </file>
    </package>
  </project>
</coverage>
