{
  "/Users/liam.kilkenny/Development/cinema-tickets/cinema-tickets-javascript/src/pairtest/TicketService.js": {
    "path": "/Users/liam.kilkenny/Development/cinema-tickets/cinema-tickets-javascript/src/pairtest/TicketService.js",
    "statementMap": {
      "0": {
        "start": { "line": 12, "column": 4 },
        "end": { "line": 16, "column": 5 }
      },
      "1": {
        "start": { "line": 13, "column": 6 },
        "end": { "line": 15, "column": 8 }
      },
      "2": {
        "start": { "line": 17, "column": 4 },
        "end": { "line": 31, "column": 5 }
      },
      "3": {
        "start": { "line": 19, "column": 6 },
        "end": { "line": 19, "column": 49 }
      },
      "4": {
        "start": { "line": 21, "column": 30 },
        "end": { "line": 21, "column": 75 }
      },
      "5": {
        "start": { "line": 23, "column": 6 },
        "end": { "line": 23, "column": 52 }
      },
      "6": {
        "start": { "line": 25, "column": 29 },
        "end": { "line": 25, "column": 69 }
      },
      "7": {
        "start": { "line": 27, "column": 6 },
        "end": { "line": 27, "column": 52 }
      },
      "8": {
        "start": { "line": 28, "column": 6 },
        "end": { "line": 28, "column": 95 }
      },
      "9": {
        "start": { "line": 30, "column": 6 },
        "end": { "line": 30, "column": 79 }
      },
      "10": {
        "start": { "line": 36, "column": 4 },
        "end": { "line": 40, "column": 5 }
      },
      "11": {
        "start": { "line": 37, "column": 6 },
        "end": { "line": 39, "column": 8 }
      },
      "12": {
        "start": { "line": 42, "column": 25 },
        "end": { "line": 42, "column": 30 }
      },
      "13": {
        "start": { "line": 43, "column": 33 },
        "end": { "line": 43, "column": 38 }
      },
      "14": {
        "start": { "line": 45, "column": 4 },
        "end": { "line": 55, "column": 7 }
      },
      "15": {
        "start": { "line": 46, "column": 6 },
        "end": { "line": 48, "column": 7 }
      },
      "16": {
        "start": { "line": 47, "column": 8 },
        "end": { "line": 47, "column": 30 }
      },
      "17": {
        "start": { "line": 49, "column": 6 },
        "end": { "line": 54, "column": 7 }
      },
      "18": {
        "start": { "line": 53, "column": 8 },
        "end": { "line": 53, "column": 38 }
      },
      "19": {
        "start": { "line": 57, "column": 4 },
        "end": { "line": 61, "column": 5 }
      },
      "20": {
        "start": { "line": 58, "column": 6 },
        "end": { "line": 60, "column": 8 }
      },
      "21": {
        "start": { "line": 66, "column": 25 },
        "end": { "line": 66, "column": 26 }
      },
      "22": {
        "start": { "line": 67, "column": 4 },
        "end": { "line": 78, "column": 21 }
      },
      "23": {
        "start": { "line": 68, "column": 6 },
        "end": { "line": 77, "column": 7 }
      },
      "24": {
        "start": { "line": 70, "column": 10 },
        "end": { "line": 70, "column": 59 }
      },
      "25": {
        "start": { "line": 72, "column": 10 },
        "end": { "line": 72, "column": 59 }
      },
      "26": {
        "start": { "line": 74, "column": 10 },
        "end": { "line": 74, "column": 27 }
      },
      "27": {
        "start": { "line": 76, "column": 10 },
        "end": { "line": 76, "column": 76 }
      },
      "28": {
        "start": { "line": 83, "column": 27 },
        "end": { "line": 83, "column": 53 }
      },
      "29": {
        "start": { "line": 84, "column": 4 },
        "end": { "line": 84, "column": 50 }
      },
      "30": {
        "start": { "line": 89, "column": 23 },
        "end": { "line": 89, "column": 24 }
      },
      "31": {
        "start": { "line": 90, "column": 24 },
        "end": { "line": 90, "column": 25 }
      },
      "32": {
        "start": { "line": 92, "column": 4 },
        "end": { "line": 99, "column": 7 }
      },
      "33": {
        "start": { "line": 93, "column": 26 },
        "end": { "line": 93, "column": 50 }
      },
      "34": {
        "start": { "line": 94, "column": 6 },
        "end": { "line": 94, "column": 34 }
      },
      "35": {
        "start": { "line": 96, "column": 6 },
        "end": { "line": 98, "column": 7 }
      },
      "36": {
        "start": { "line": 97, "column": 8 },
        "end": { "line": 97, "column": 37 }
      },
      "37": {
        "start": { "line": 101, "column": 4 },
        "end": { "line": 103, "column": 5 }
      },
      "38": {
        "start": { "line": 102, "column": 6 },
        "end": { "line": 102, "column": 63 }
      },
      "39": {
        "start": { "line": 106, "column": 4 },
        "end": { "line": 106, "column": 40 }
      },
      "40": {
        "start": { "line": 111, "column": 31 },
        "end": { "line": 111, "column": 59 }
      },
      "41": {
        "start": { "line": 112, "column": 4 },
        "end": { "line": 112, "column": 53 }
      }
    },
    "fnMap": {
      "0": {
        "name": "(anonymous_0)",
        "decl": {
          "start": { "line": 11, "column": 2 },
          "end": { "line": 11, "column": 3 }
        },
        "loc": {
          "start": { "line": 11, "column": 52 },
          "end": { "line": 32, "column": 3 }
        },
        "line": 11
      },
      "1": {
        "name": "(anonymous_1)",
        "decl": {
          "start": { "line": 45, "column": 31 },
          "end": { "line": 45, "column": 32 }
        },
        "loc": {
          "start": { "line": 45, "column": 44 },
          "end": { "line": 55, "column": 5 }
        },
        "line": 45
      },
      "2": {
        "name": "(anonymous_2)",
        "decl": {
          "start": { "line": 67, "column": 37 },
          "end": { "line": 67, "column": 38 }
        },
        "loc": {
          "start": { "line": 67, "column": 61 },
          "end": { "line": 78, "column": 5 }
        },
        "line": 67
      },
      "3": {
        "name": "(anonymous_3)",
        "decl": {
          "start": { "line": 92, "column": 31 },
          "end": { "line": 92, "column": 32 }
        },
        "loc": {
          "start": { "line": 92, "column": 44 },
          "end": { "line": 99, "column": 5 }
        },
        "line": 92
      }
    },
    "branchMap": {
      "0": {
        "loc": {
          "start": { "line": 12, "column": 4 },
          "end": { "line": 16, "column": 5 }
        },
        "type": "if",
        "locations": [
          {
            "start": { "line": 12, "column": 4 },
            "end": { "line": 16, "column": 5 }
          },
          { "start": {}, "end": {} }
        ],
        "line": 12
      },
      "1": {
        "loc": {
          "start": { "line": 12, "column": 8 },
          "end": { "line": 12, "column": 54 }
        },
        "type": "binary-expr",
        "locations": [
          {
            "start": { "line": 12, "column": 8 },
            "end": { "line": 12, "column": 36 }
          },
          {
            "start": { "line": 12, "column": 40 },
            "end": { "line": 12, "column": 54 }
          }
        ],
        "line": 12
      },
      "2": {
        "loc": {
          "start": { "line": 36, "column": 4 },
          "end": { "line": 40, "column": 5 }
        },
        "type": "if",
        "locations": [
          {
            "start": { "line": 36, "column": 4 },
            "end": { "line": 40, "column": 5 }
          },
          { "start": {}, "end": {} }
        ],
        "line": 36
      },
      "3": {
        "loc": {
          "start": { "line": 36, "column": 8 },
          "end": { "line": 36, "column": 62 }
        },
        "type": "binary-expr",
        "locations": [
          {
            "start": { "line": 36, "column": 8 },
            "end": { "line": 36, "column": 27 }
          },
          {
            "start": { "line": 36, "column": 31 },
            "end": { "line": 36, "column": 62 }
          }
        ],
        "line": 36
      },
      "4": {
        "loc": {
          "start": { "line": 46, "column": 6 },
          "end": { "line": 48, "column": 7 }
        },
        "type": "if",
        "locations": [
          {
            "start": { "line": 46, "column": 6 },
            "end": { "line": 48, "column": 7 }
          },
          { "start": {}, "end": {} }
        ],
        "line": 46
      },
      "5": {
        "loc": {
          "start": { "line": 49, "column": 6 },
          "end": { "line": 54, "column": 7 }
        },
        "type": "if",
        "locations": [
          {
            "start": { "line": 49, "column": 6 },
            "end": { "line": 54, "column": 7 }
          },
          { "start": {}, "end": {} }
        ],
        "line": 49
      },
      "6": {
        "loc": {
          "start": { "line": 50, "column": 8 },
          "end": { "line": 51, "column": 44 }
        },
        "type": "binary-expr",
        "locations": [
          {
            "start": { "line": 50, "column": 8 },
            "end": { "line": 50, "column": 43 }
          },
          {
            "start": { "line": 51, "column": 8 },
            "end": { "line": 51, "column": 44 }
          }
        ],
        "line": 50
      },
      "7": {
        "loc": {
          "start": { "line": 57, "column": 4 },
          "end": { "line": 61, "column": 5 }
        },
        "type": "if",
        "locations": [
          {
            "start": { "line": 57, "column": 4 },
            "end": { "line": 61, "column": 5 }
          },
          { "start": {}, "end": {} }
        ],
        "line": 57
      },
      "8": {
        "loc": {
          "start": { "line": 57, "column": 8 },
          "end": { "line": 57, "column": 49 }
        },
        "type": "binary-expr",
        "locations": [
          {
            "start": { "line": 57, "column": 8 },
            "end": { "line": 57, "column": 30 }
          },
          {
            "start": { "line": 57, "column": 34 },
            "end": { "line": 57, "column": 49 }
          }
        ],
        "line": 57
      },
      "9": {
        "loc": {
          "start": { "line": 68, "column": 6 },
          "end": { "line": 77, "column": 7 }
        },
        "type": "switch",
        "locations": [
          {
            "start": { "line": 69, "column": 8 },
            "end": { "line": 70, "column": 59 }
          },
          {
            "start": { "line": 71, "column": 8 },
            "end": { "line": 72, "column": 59 }
          },
          {
            "start": { "line": 73, "column": 8 },
            "end": { "line": 74, "column": 27 }
          },
          {
            "start": { "line": 75, "column": 8 },
            "end": { "line": 76, "column": 76 }
          }
        ],
        "line": 68
      },
      "10": {
        "loc": {
          "start": { "line": 96, "column": 6 },
          "end": { "line": 98, "column": 7 }
        },
        "type": "if",
        "locations": [
          {
            "start": { "line": 96, "column": 6 },
            "end": { "line": 98, "column": 7 }
          },
          { "start": {}, "end": {} }
        ],
        "line": 96
      },
      "11": {
        "loc": {
          "start": { "line": 101, "column": 4 },
          "end": { "line": 103, "column": 5 }
        },
        "type": "if",
        "locations": [
          {
            "start": { "line": 101, "column": 4 },
            "end": { "line": 103, "column": 5 }
          },
          { "start": {}, "end": {} }
        ],
        "line": 101
      }
    },
    "s": {
      "0": 10,
      "1": 2,
      "2": 8,
      "3": 8,
      "4": 5,
      "5": 3,
      "6": 3,
      "7": 1,
      "8": 1,
      "9": 7,
      "10": 8,
      "11": 1,
      "12": 7,
      "13": 7,
      "14": 7,
      "15": 14,
      "16": 5,
      "17": 14,
      "18": 7,
      "19": 7,
      "20": 2,
      "21": 5,
      "22": 5,
      "23": 8,
      "24": 3,
      "25": 1,
      "26": 2,
      "27": 2,
      "28": 3,
      "29": 3,
      "30": 3,
      "31": 3,
      "32": 3,
      "33": 6,
      "34": 6,
      "35": 6,
      "36": 2,
      "37": 3,
      "38": 2,
      "39": 1,
      "40": 1,
      "41": 1
    },
    "f": { "0": 10, "1": 14, "2": 8, "3": 6 },
    "b": {
      "0": [2, 8],
      "1": [10, 10],
      "2": [1, 7],
      "3": [8, 8],
      "4": [5, 9],
      "5": [7, 7],
      "6": [14, 11],
      "7": [2, 5],
      "8": [7, 5],
      "9": [3, 1, 2, 2],
      "10": [2, 4],
      "11": [2, 1]
    },
    "_coverageSchema": "1a1c01bbd47fc00a2c39e90264f33305004495a9",
    "hash": "1c25f37d192d2f2b4a24924bfacef9c6a7c73560"
  },
  "/Users/liam.kilkenny/Development/cinema-tickets/cinema-tickets-javascript/src/pairtest/lib/InvalidPurchaseException.js": {
    "path": "/Users/liam.kilkenny/Development/cinema-tickets/cinema-tickets-javascript/src/pairtest/lib/InvalidPurchaseException.js",
    "statementMap": {},
    "fnMap": {},
    "branchMap": {},
    "s": {},
    "f": {},
    "b": {},
    "_coverageSchema": "1a1c01bbd47fc00a2c39e90264f33305004495a9",
    "hash": "b3698a278ea8da52a4abde9bac4a1761c299509a"
  },
  "/Users/liam.kilkenny/Development/cinema-tickets/cinema-tickets-javascript/src/pairtest/lib/TicketTypeRequest.js": {
    "path": "/Users/liam.kilkenny/Development/cinema-tickets/cinema-tickets-javascript/src/pairtest/lib/TicketTypeRequest.js",
    "statementMap": {
      "0": {
        "start": { "line": 11, "column": 4 },
        "end": { "line": 15, "column": 5 }
      },
      "1": {
        "start": { "line": 12, "column": 6 },
        "end": { "line": 14, "column": 8 }
      },
      "2": {
        "start": { "line": 17, "column": 4 },
        "end": { "line": 19, "column": 5 }
      },
      "3": {
        "start": { "line": 18, "column": 6 },
        "end": { "line": 18, "column": 60 }
      },
      "4": {
        "start": { "line": 21, "column": 4 },
        "end": { "line": 21, "column": 22 }
      },
      "5": {
        "start": { "line": 22, "column": 4 },
        "end": { "line": 22, "column": 36 }
      },
      "6": {
        "start": { "line": 26, "column": 4 },
        "end": { "line": 26, "column": 29 }
      },
      "7": {
        "start": { "line": 30, "column": 4 },
        "end": { "line": 30, "column": 22 }
      },
      "8": {
        "start": { "line": 33, "column": 10 },
        "end": { "line": 33, "column": 38 }
      }
    },
    "fnMap": {
      "0": {
        "name": "(anonymous_0)",
        "decl": {
          "start": { "line": 10, "column": 2 },
          "end": { "line": 10, "column": 3 }
        },
        "loc": {
          "start": { "line": 10, "column": 33 },
          "end": { "line": 23, "column": 3 }
        },
        "line": 10
      },
      "1": {
        "name": "(anonymous_1)",
        "decl": {
          "start": { "line": 25, "column": 2 },
          "end": { "line": 25, "column": 3 }
        },
        "loc": {
          "start": { "line": 25, "column": 19 },
          "end": { "line": 27, "column": 3 }
        },
        "line": 25
      },
      "2": {
        "name": "(anonymous_2)",
        "decl": {
          "start": { "line": 29, "column": 2 },
          "end": { "line": 29, "column": 3 }
        },
        "loc": {
          "start": { "line": 29, "column": 18 },
          "end": { "line": 31, "column": 3 }
        },
        "line": 29
      }
    },
    "branchMap": {
      "0": {
        "loc": {
          "start": { "line": 11, "column": 4 },
          "end": { "line": 15, "column": 5 }
        },
        "type": "if",
        "locations": [
          {
            "start": { "line": 11, "column": 4 },
            "end": { "line": 15, "column": 5 }
          },
          { "start": {}, "end": {} }
        ],
        "line": 11
      },
      "1": {
        "loc": {
          "start": { "line": 17, "column": 4 },
          "end": { "line": 19, "column": 5 }
        },
        "type": "if",
        "locations": [
          {
            "start": { "line": 17, "column": 4 },
            "end": { "line": 19, "column": 5 }
          },
          { "start": {}, "end": {} }
        ],
        "line": 17
      }
    },
    "s": {
      "0": 6,
      "1": 2,
      "2": 4,
      "3": 2,
      "4": 2,
      "5": 2,
      "6": 1,
      "7": 1,
      "8": 6
    },
    "f": { "0": 6, "1": 1, "2": 1 },
    "b": { "0": [2, 4], "1": [2, 2] },
    "_coverageSchema": "1a1c01bbd47fc00a2c39e90264f33305004495a9",
    "hash": "b688b62e01d732c2ac9a5ea3128cee3dbacfa119"
  }
}
