{"/Users/liam.kilkenny/Development/cinema-tickets/cinema-tickets-javascript/src/pairtest/lib/TicketTypeRequest.js": {"path":"/Users/liam.kilkenny/Development/cinema-tickets/cinema-tickets-javascript/src/pairtest/lib/TicketTypeRequest.js","statementMap":{"0":{"start":{"line":11,"column":4},"end":{"line":15,"column":5}},"1":{"start":{"line":12,"column":6},"end":{"line":14,"column":8}},"2":{"start":{"line":17,"column":4},"end":{"line":19,"column":5}},"3":{"start":{"line":18,"column":6},"end":{"line":18,"column":60}},"4":{"start":{"line":21,"column":4},"end":{"line":21,"column":22}},"5":{"start":{"line":22,"column":4},"end":{"line":22,"column":36}},"6":{"start":{"line":26,"column":4},"end":{"line":26,"column":29}},"7":{"start":{"line":30,"column":4},"end":{"line":30,"column":22}},"8":{"start":{"line":33,"column":10},"end":{"line":33,"column":38}}},"fnMap":{"0":{"name":"(anonymous_0)","decl":{"start":{"line":10,"column":2},"end":{"line":10,"column":3}},"loc":{"start":{"line":10,"column":33},"end":{"line":23,"column":3}},"line":10},"1":{"name":"(anonymous_1)","decl":{"start":{"line":25,"column":2},"end":{"line":25,"column":3}},"loc":{"start":{"line":25,"column":19},"end":{"line":27,"column":3}},"line":25},"2":{"name":"(anonymous_2)","decl":{"start":{"line":29,"column":2},"end":{"line":29,"column":3}},"loc":{"start":{"line":29,"column":18},"end":{"line":31,"column":3}},"line":29}},"branchMap":{"0":{"loc":{"start":{"line":11,"column":4},"end":{"line":15,"column":5}},"type":"if","locations":[{"start":{"line":11,"column":4},"end":{"line":15,"column":5}},{"start":{},"end":{}}],"line":11},"1":{"loc":{"start":{"line":17,"column":4},"end":{"line":19,"column":5}},"type":"if","locations":[{"start":{"line":17,"column":4},"end":{"line":19,"column":5}},{"start":{},"end":{}}],"line":17}},"s":{"0":6,"1":2,"2":4,"3":2,"4":2,"5":2,"6":1,"7":1,"8":6},"f":{"0":6,"1":1,"2":1},"b":{"0":[2,4],"1":[2,2]},"_coverageSchema":"1a1c01bbd47fc00a2c39e90264f33305004495a9","hash":"b688b62e01d732c2ac9a5ea3128cee3dbacfa119"}
}
