TN:
SF:src/pairtest/TicketService.js
FN:13,(anonymous_0)
FN:21,(anonymous_1)
FN:55,(anonymous_2)
FN:77,(anonymous_3)
FN:102,(anonymous_4)
FNF:5
FNH:5
FNDA:10,(anonymous_0)
FNDA:13,(anonymous_1)
FNDA:21,(anonymous_2)
FNDA:15,(anonymous_3)
FNDA:13,(anonymous_4)
DA:17,10
DA:18,10
DA:22,13
DA:23,2
DA:27,11
DA:29,11
DA:31,8
DA:33,6
DA:35,6
DA:37,4
DA:38,4
DA:40,7
DA:46,11
DA:47,1
DA:52,10
DA:53,10
DA:55,10
DA:56,21
DA:57,8
DA:59,21
DA:63,11
DA:67,10
DA:68,2
DA:76,8
DA:77,8
DA:78,15
DA:80,6
DA:82,3
DA:84,4
DA:86,2
DA:94,6
DA:99,6
DA:100,6
DA:102,6
DA:103,13
DA:104,13
DA:106,13
DA:107,4
DA:111,6
DA:112,2
DA:116,4
DA:122,4
LF:42
LH:42
BRDA:14,0,0,0
BRDA:15,1,0,0
BRDA:22,2,0,2
BRDA:22,2,1,11
BRDA:22,3,0,13
BRDA:22,3,1,13
BRDA:46,4,0,1
BRDA:46,4,1,10
BRDA:46,5,0,11
BRDA:46,5,1,11
BRDA:56,6,0,8
BRDA:56,6,1,13
BRDA:59,7,0,11
BRDA:59,7,1,10
BRDA:60,8,0,21
BRDA:60,8,1,16
BRDA:67,9,0,2
BRDA:67,9,1,8
BRDA:67,10,0,10
BRDA:67,10,1,7
BRDA:78,11,0,6
BRDA:78,11,1,3
BRDA:78,11,2,4
BRDA:78,11,3,2
BRDA:106,12,0,4
BRDA:106,12,1,9
BRDA:111,13,0,2
BRDA:111,13,1,4
BRF:28
BRH:26
end_of_record
TN:
SF:src/pairtest/lib/InvalidPurchaseException.js
FNF:0
FNH:0
LF:0
LH:0
BRF:0
BRH:0
end_of_record
TN:
SF:src/pairtest/lib/TicketTypeRequest.js
FN:10,(anonymous_0)
FN:25,(anonymous_1)
FN:29,(anonymous_2)
FNF:3
FNH:3
FNDA:6,(anonymous_0)
FNDA:1,(anonymous_1)
FNDA:1,(anonymous_2)
DA:11,6
DA:12,2
DA:17,4
DA:18,2
DA:21,2
DA:22,2
DA:26,1
DA:30,1
DA:33,6
LF:9
LH:9
BRDA:11,0,0,2
BRDA:11,0,1,4
BRDA:17,1,0,2
BRDA:17,1,1,2
BRF:4
BRH:4
end_of_record
