TN:
SF:src/pairtest/TicketService.js
FN:11,(anonymous_0)
FN:45,(anonymous_1)
FN:67,(anonymous_2)
FN:92,(anonymous_3)
FNF:4
FNH:4
FNDA:10,(anonymous_0)
FNDA:14,(anonymous_1)
FNDA:8,(anonymous_2)
FNDA:6,(anonymous_3)
DA:12,10
DA:13,2
DA:17,8
DA:19,8
DA:21,5
DA:23,3
DA:25,3
DA:27,1
DA:28,1
DA:30,7
DA:36,8
DA:37,1
DA:42,7
DA:43,7
DA:45,7
DA:46,14
DA:47,5
DA:49,14
DA:53,7
DA:57,7
DA:58,2
DA:66,5
DA:67,5
DA:68,8
DA:70,3
DA:72,1
DA:74,2
DA:76,2
DA:83,3
DA:84,3
DA:89,3
DA:90,3
DA:92,3
DA:93,6
DA:94,6
DA:96,6
DA:97,2
DA:101,3
DA:102,2
DA:106,1
DA:111,1
DA:112,1
LF:42
LH:42
BRDA:12,0,0,2
BRDA:12,0,1,8
BRDA:12,1,0,10
BRDA:12,1,1,10
BRDA:36,2,0,1
BRDA:36,2,1,7
BRDA:36,3,0,8
BRDA:36,3,1,8
BRDA:46,4,0,5
BRDA:46,4,1,9
BRDA:49,5,0,7
BRDA:49,5,1,7
BRDA:50,6,0,14
BRDA:50,6,1,11
BRDA:57,7,0,2
BRDA:57,7,1,5
BRDA:57,8,0,7
BRDA:57,8,1,5
BRDA:68,9,0,3
BRDA:68,9,1,1
BRDA:68,9,2,2
BRDA:68,9,3,2
BRDA:96,10,0,2
BRDA:96,10,1,4
BRDA:101,11,0,2
BRDA:101,11,1,1
BRF:26
BRH:26
end_of_record
TN:
SF:src/pairtest/lib/InvalidPurchaseException.js
FNF:0
FNH:0
LF:0
LH:0
BRF:0
BRH:0
end_of_record
TN:
SF:src/pairtest/lib/TicketTypeRequest.js
FN:10,(anonymous_0)
FN:25,(anonymous_1)
FN:29,(anonymous_2)
FNF:3
FNH:3
FNDA:6,(anonymous_0)
FNDA:1,(anonymous_1)
FNDA:1,(anonymous_2)
DA:11,6
DA:12,2
DA:17,4
DA:18,2
DA:21,2
DA:22,2
DA:26,1
DA:30,1
DA:33,6
LF:9
LH:9
BRDA:11,0,0,2
BRDA:11,0,1,4
BRDA:17,1,0,2
BRDA:17,1,1,2
BRF:4
BRH:4
end_of_record
